<?xml version="1.0" encoding="UTF-8"?>
<testsuite xmlns:xsi="http://www.w3.org/2001/XMLSchema-instance" xsi:noNamespaceSchemaLocation="https://maven.apache.org/surefire/maven-surefire-plugin/xsd/surefire-test-report.xsd" name="org.imooc.AppTest" time="0.013" tests="1" errors="0" skipped="0" failures="0">
  <properties>
    <property name="java.specification.version" value="17"/>
    <property name="sun.jnu.encoding" value="UTF-8"/>
    <property name="java.class.path" value="/Users/maruimin/IdeaProjects/api-gateway/gateway-core/target/test-classes:/Users/maruimin/IdeaProjects/api-gateway/gateway-core/target/classes:/Users/maruimin/.m2/repository/junit/junit/4.11/junit-4.11.jar:/Users/maruimin/.m2/repository/org/hamcrest/hamcrest-core/1.3/hamcrest-core-1.3.jar:/Users/maruimin/IdeaProjects/api-gateway/gateway-common/target/gateway-common-1.0-SNAPSHOT.jar:/Users/maruimin/.m2/repository/com/google/guava/guava/25.1-jre/guava-25.1-jre.jar:/Users/maruimin/.m2/repository/com/google/code/findbugs/jsr305/3.0.2/jsr305-3.0.2.jar:/Users/maruimin/.m2/repository/com/google/j2objc/j2objc-annotations/1.1/j2objc-annotations-1.1.jar:/Users/maruimin/.m2/repository/org/codehaus/mojo/animal-sniffer-annotations/1.14/animal-sniffer-annotations-1.14.jar:/Users/maruimin/.m2/repository/org/apache/commons/commons-lang3/3.7/commons-lang3-3.7.jar:/Users/maruimin/.m2/repository/commons-beanutils/commons-beanutils/1.9.3/commons-beanutils-1.9.3.jar:/Users/maruimin/.m2/repository/commons-logging/commons-logging/1.2/commons-logging-1.2.jar:/Users/maruimin/.m2/repository/commons-collections/commons-collections/3.2.2/commons-collections-3.2.2.jar:/Users/maruimin/.m2/repository/org/projectlombok/lombok/1.18.24/lombok-1.18.24.jar:/Users/maruimin/.m2/repository/io/netty/netty-all/4.1.51.Final/netty-all-4.1.51.Final.jar:/Users/maruimin/.m2/repository/org/asynchttpclient/async-http-client/2.0.37/async-http-client-2.0.37.jar:/Users/maruimin/.m2/repository/io/netty/netty-codec-http/4.0.52.Final/netty-codec-http-4.0.52.Final.jar:/Users/maruimin/.m2/repository/io/netty/netty-codec/4.0.52.Final/netty-codec-4.0.52.Final.jar:/Users/maruimin/.m2/repository/io/netty/netty-handler/4.0.52.Final/netty-handler-4.0.52.Final.jar:/Users/maruimin/.m2/repository/io/netty/netty-transport/4.0.52.Final/netty-transport-4.0.52.Final.jar:/Users/maruimin/.m2/repository/io/netty/netty-transport-native-epoll/4.0.52.Final/netty-transport-native-epoll-4.0.52.Final-linux-x86_64.jar:/Users/maruimin/.m2/repository/io/netty/netty-common/4.0.52.Final/netty-common-4.0.52.Final.jar:/Users/maruimin/.m2/repository/org/asynchttpclient/netty-resolver-dns/2.0.37/netty-resolver-dns-2.0.37.jar:/Users/maruimin/.m2/repository/org/asynchttpclient/netty-resolver/2.0.37/netty-resolver-2.0.37.jar:/Users/maruimin/.m2/repository/org/asynchttpclient/netty-codec-dns/2.0.37/netty-codec-dns-2.0.37.jar:/Users/maruimin/.m2/repository/org/reactivestreams/reactive-streams/1.0.0/reactive-streams-1.0.0.jar:/Users/maruimin/.m2/repository/com/typesafe/netty/netty-reactive-streams/1.0.8/netty-reactive-streams-1.0.8.jar:/Users/maruimin/.m2/repository/org/asynchttpclient/async-http-client-netty-utils/2.0.37/async-http-client-netty-utils-2.0.37.jar:/Users/maruimin/.m2/repository/io/netty/netty-buffer/4.0.52.Final/netty-buffer-4.0.52.Final.jar:/Users/maruimin/.m2/repository/com/google/protobuf/protobuf-java/3.7.1/protobuf-java-3.7.1.jar:/Users/maruimin/.m2/repository/com/fasterxml/jackson/core/jackson-core/2.12.3/jackson-core-2.12.3.jar:/Users/maruimin/.m2/repository/com/fasterxml/jackson/core/jackson-databind/2.12.3/jackson-databind-2.12.3.jar:/Users/maruimin/.m2/repository/com/fasterxml/jackson/core/jackson-annotations/2.12.3/jackson-annotations-2.12.3.jar:/Users/maruimin/.m2/repository/com/alibaba/fastjson/1.2.76/fastjson-1.2.76.jar:/Users/maruimin/.m2/repository/com/jayway/jsonpath/json-path/2.4.0/json-path-2.4.0.jar:/Users/maruimin/.m2/repository/net/minidev/json-smart/2.3/json-smart-2.3.jar:/Users/maruimin/.m2/repository/net/minidev/accessors-smart/1.2/accessors-smart-1.2.jar:/Users/maruimin/.m2/repository/org/ow2/asm/asm/5.0.4/asm-5.0.4.jar:/Users/maruimin/.m2/repository/org/slf4j/slf4j-api/1.7.25/slf4j-api-1.7.25.jar:/Users/maruimin/.m2/repository/org/apache/logging/log4j/log4j-api/2.11.1/log4j-api-2.11.1.jar:/Users/maruimin/.m2/repository/org/apache/logging/log4j/log4j-core/2.11.1/log4j-core-2.11.1.jar:/Users/maruimin/.m2/repository/org/apache/logging/log4j/log4j-slf4j-impl/2.11.1/log4j-slf4j-impl-2.11.1.jar:/Users/maruimin/.m2/repository/com/github/ben-manes/caffeine/caffeine/2.8.5/caffeine-2.8.5.jar:/Users/maruimin/.m2/repository/org/checkerframework/checker-qual/3.4.1/checker-qual-3.4.1.jar:/Users/maruimin/.m2/repository/com/google/errorprone/error_prone_annotations/2.4.0/error_prone_annotations-2.4.0.jar:"/>
    <property name="java.vm.vendor" value="Amazon.com Inc."/>
    <property name="sun.arch.data.model" value="64"/>
    <property name="java.vendor.url" value="https://aws.amazon.com/corretto/"/>
    <property name="os.name" value="Mac OS X"/>
    <property name="java.vm.specification.version" value="17"/>
    <property name="sun.java.launcher" value="SUN_STANDARD"/>
    <property name="user.country" value="CN"/>
    <property name="sun.boot.library.path" value="/Users/maruimin/Library/Java/JavaVirtualMachines/corretto-17.0.7/Contents/Home/lib"/>
    <property name="sun.java.command" value="/Users/maruimin/IdeaProjects/api-gateway/gateway-core/target/surefire/surefirebooter3722457614062805605.jar /Users/maruimin/IdeaProjects/api-gateway/gateway-core/target/surefire 2023-05-10T20-36-57_104-jvmRun1 surefire14595806993924682630tmp surefire_45579328068121081365tmp"/>
    <property name="jdk.debug" value="release"/>
    <property name="surefire.test.class.path" value="/Users/maruimin/IdeaProjects/api-gateway/gateway-core/target/test-classes:/Users/maruimin/IdeaProjects/api-gateway/gateway-core/target/classes:/Users/maruimin/.m2/repository/junit/junit/4.11/junit-4.11.jar:/Users/maruimin/.m2/repository/org/hamcrest/hamcrest-core/1.3/hamcrest-core-1.3.jar:/Users/maruimin/IdeaProjects/api-gateway/gateway-common/target/gateway-common-1.0-SNAPSHOT.jar:/Users/maruimin/.m2/repository/com/google/guava/guava/25.1-jre/guava-25.1-jre.jar:/Users/maruimin/.m2/repository/com/google/code/findbugs/jsr305/3.0.2/jsr305-3.0.2.jar:/Users/maruimin/.m2/repository/com/google/j2objc/j2objc-annotations/1.1/j2objc-annotations-1.1.jar:/Users/maruimin/.m2/repository/org/codehaus/mojo/animal-sniffer-annotations/1.14/animal-sniffer-annotations-1.14.jar:/Users/maruimin/.m2/repository/org/apache/commons/commons-lang3/3.7/commons-lang3-3.7.jar:/Users/maruimin/.m2/repository/commons-beanutils/commons-beanutils/1.9.3/commons-beanutils-1.9.3.jar:/Users/maruimin/.m2/repository/commons-logging/commons-logging/1.2/commons-logging-1.2.jar:/Users/maruimin/.m2/repository/commons-collections/commons-collections/3.2.2/commons-collections-3.2.2.jar:/Users/maruimin/.m2/repository/org/projectlombok/lombok/1.18.24/lombok-1.18.24.jar:/Users/maruimin/.m2/repository/io/netty/netty-all/4.1.51.Final/netty-all-4.1.51.Final.jar:/Users/maruimin/.m2/repository/org/asynchttpclient/async-http-client/2.0.37/async-http-client-2.0.37.jar:/Users/maruimin/.m2/repository/io/netty/netty-codec-http/4.0.52.Final/netty-codec-http-4.0.52.Final.jar:/Users/maruimin/.m2/repository/io/netty/netty-codec/4.0.52.Final/netty-codec-4.0.52.Final.jar:/Users/maruimin/.m2/repository/io/netty/netty-handler/4.0.52.Final/netty-handler-4.0.52.Final.jar:/Users/maruimin/.m2/repository/io/netty/netty-transport/4.0.52.Final/netty-transport-4.0.52.Final.jar:/Users/maruimin/.m2/repository/io/netty/netty-transport-native-epoll/4.0.52.Final/netty-transport-native-epoll-4.0.52.Final-linux-x86_64.jar:/Users/maruimin/.m2/repository/io/netty/netty-common/4.0.52.Final/netty-common-4.0.52.Final.jar:/Users/maruimin/.m2/repository/org/asynchttpclient/netty-resolver-dns/2.0.37/netty-resolver-dns-2.0.37.jar:/Users/maruimin/.m2/repository/org/asynchttpclient/netty-resolver/2.0.37/netty-resolver-2.0.37.jar:/Users/maruimin/.m2/repository/org/asynchttpclient/netty-codec-dns/2.0.37/netty-codec-dns-2.0.37.jar:/Users/maruimin/.m2/repository/org/reactivestreams/reactive-streams/1.0.0/reactive-streams-1.0.0.jar:/Users/maruimin/.m2/repository/com/typesafe/netty/netty-reactive-streams/1.0.8/netty-reactive-streams-1.0.8.jar:/Users/maruimin/.m2/repository/org/asynchttpclient/async-http-client-netty-utils/2.0.37/async-http-client-netty-utils-2.0.37.jar:/Users/maruimin/.m2/repository/io/netty/netty-buffer/4.0.52.Final/netty-buffer-4.0.52.Final.jar:/Users/maruimin/.m2/repository/com/google/protobuf/protobuf-java/3.7.1/protobuf-java-3.7.1.jar:/Users/maruimin/.m2/repository/com/fasterxml/jackson/core/jackson-core/2.12.3/jackson-core-2.12.3.jar:/Users/maruimin/.m2/repository/com/fasterxml/jackson/core/jackson-databind/2.12.3/jackson-databind-2.12.3.jar:/Users/maruimin/.m2/repository/com/fasterxml/jackson/core/jackson-annotations/2.12.3/jackson-annotations-2.12.3.jar:/Users/maruimin/.m2/repository/com/alibaba/fastjson/1.2.76/fastjson-1.2.76.jar:/Users/maruimin/.m2/repository/com/jayway/jsonpath/json-path/2.4.0/json-path-2.4.0.jar:/Users/maruimin/.m2/repository/net/minidev/json-smart/2.3/json-smart-2.3.jar:/Users/maruimin/.m2/repository/net/minidev/accessors-smart/1.2/accessors-smart-1.2.jar:/Users/maruimin/.m2/repository/org/ow2/asm/asm/5.0.4/asm-5.0.4.jar:/Users/maruimin/.m2/repository/org/slf4j/slf4j-api/1.7.25/slf4j-api-1.7.25.jar:/Users/maruimin/.m2/repository/org/apache/logging/log4j/log4j-api/2.11.1/log4j-api-2.11.1.jar:/Users/maruimin/.m2/repository/org/apache/logging/log4j/log4j-core/2.11.1/log4j-core-2.11.1.jar:/Users/maruimin/.m2/repository/org/apache/logging/log4j/log4j-slf4j-impl/2.11.1/log4j-slf4j-impl-2.11.1.jar:/Users/maruimin/.m2/repository/com/github/ben-manes/caffeine/caffeine/2.8.5/caffeine-2.8.5.jar:/Users/maruimin/.m2/repository/org/checkerframework/checker-qual/3.4.1/checker-qual-3.4.1.jar:/Users/maruimin/.m2/repository/com/google/errorprone/error_prone_annotations/2.4.0/error_prone_annotations-2.4.0.jar:"/>
    <property name="sun.cpu.endian" value="little"/>
    <property name="user.home" value="/Users/maruimin"/>
    <property name="user.language" value="zh"/>
    <property name="java.specification.vendor" value="Oracle Corporation"/>
    <property name="java.version.date" value="2023-04-18"/>
    <property name="java.home" value="/Users/maruimin/Library/Java/JavaVirtualMachines/corretto-17.0.7/Contents/Home"/>
    <property name="file.separator" value="/"/>
    <property name="basedir" value="/Users/maruimin/IdeaProjects/api-gateway/gateway-core"/>
    <property name="java.vm.compressedOopsMode" value="Zero based"/>
    <property name="line.separator" value="&#10;"/>
    <property name="java.specification.name" value="Java Platform API Specification"/>
    <property name="java.vm.specification.vendor" value="Oracle Corporation"/>
    <property name="surefire.real.class.path" value="/Users/maruimin/IdeaProjects/api-gateway/gateway-core/target/surefire/surefirebooter3722457614062805605.jar"/>
    <property name="user.script" value="Hans"/>
    <property name="sun.management.compiler" value="HotSpot 64-Bit Tiered Compilers"/>
    <property name="java.runtime.version" value="17.0.7+7-LTS"/>
    <property name="user.name" value="maruimin"/>
    <property name="path.separator" value=":"/>
    <property name="os.version" value="13.0.1"/>
    <property name="java.runtime.name" value="OpenJDK Runtime Environment"/>
    <property name="file.encoding" value="UTF-8"/>
    <property name="java.vm.name" value="OpenJDK 64-Bit Server VM"/>
    <property name="java.vendor.version" value="Corretto-17.0.7.7.1"/>
    <property name="localRepository" value="/Users/maruimin/.m2/repository"/>
    <property name="java.vendor.url.bug" value="https://github.com/corretto/corretto-17/issues/"/>
    <property name="java.io.tmpdir" value="/var/folders/ym/qb9gk22s55n2c3qxfw353vlm0000gn/T/"/>
    <property name="idea.version" value="2021.2.3"/>
    <property name="java.version" value="17.0.7"/>
    <property name="user.dir" value="/Users/maruimin/IdeaProjects/api-gateway/gateway-core"/>
    <property name="os.arch" value="aarch64"/>
    <property name="java.vm.specification.name" value="Java Virtual Machine Specification"/>
    <property name="native.encoding" value="UTF-8"/>
    <property name="java.library.path" value="/Users/maruimin/Library/Java/Extensions:/Library/Java/Extensions:/Network/Library/Java/Extensions:/System/Library/Java/Extensions:/usr/lib/java:."/>
    <property name="java.vm.info" value="mixed mode, sharing"/>
    <property name="java.vendor" value="Amazon.com Inc."/>
    <property name="java.vm.version" value="17.0.7+7-LTS"/>
    <property name="sun.io.unicode.encoding" value="UnicodeBig"/>
    <property name="java.class.version" value="61.0"/>
  </properties>
  <testcase name="shouldAnswerWithTrue" classname="org.imooc.AppTest" time="0"/>
</testsuite>